<?xml version="1.0" encoding="UTF-8"?>
<testsuite name="Academy Choucair" tests="1" skipped="0" failures="0" errors="0" timestamp="2021-10-12T22:12:06" hostname="LAPTOP-FNERQ2SN" time="41.686">
  <properties/>
  <testcase name="Search for a automation course" classname="Academy Choucair" time="41.686"/>
  <system-out><![CDATA[]]></system-out>
  <system-err><![CDATA[[Test worker] WARN net.thucydides.core.steps.BaseStepListener - stepStarted: net.thucydides.core.steps.ExecutedStepDescription@5a79f330
[Test worker] WARN net.thucydides.core.steps.BaseStepListener - stepStarted: net.thucydides.core.steps.ExecutedStepDescription@53cd6cb
[Test worker] WARN net.thucydides.core.steps.BaseStepListener - stepStarted: net.thucydides.core.steps.ExecutedStepDescription@7c9020bc
oct 12, 2021 5:12:07 PM org.openqa.selenium.remote.DesiredCapabilities chrome
INFORMACIÓN: Using `new ChromeOptions()` is preferred to `DesiredCapabilities.chrome()`
[Test worker] INFO net.serenitybdd.core.webdriver.driverproviders.ProvideNewDriver - Instantiating driver
[Test worker] INFO net.serenitybdd.core.webdriver.driverproviders.ProvideNewDriver - Driver capabilities: Capabilities {acceptInsecureCerts: false, browserName: chrome, chrome.switches: --start-maximized, goog:chromeOptions: {args: [--start-maximized], extensions: []}, loggingPrefs: org.openqa.selenium.logging..., platform: ANY, version: }
Starting ChromeDriver 93.0.4577.63 (ff5c0da2ec0adeaed5550e6c7e98417dac77d98a-refs/branch-heads/4577@{#1135}) on port 48481
Only local connections are allowed.
Please see https://chromedriver.chromium.org/security-considerations for suggestions on keeping ChromeDriver safe.
ChromeDriver was started successfully.
[1634076730.488][WARNING]: This version of ChromeDriver has not been tested with Chrome version 94.
oct 12, 2021 5:12:10 PM org.openqa.selenium.remote.ProtocolHandshake createSession
INFORMACIÓN: Detected dialect: W3C
[Test worker] WARN net.thucydides.core.steps.BaseStepListener - stepFinished: current outcome:Search for a automation course:Given than brandon wants to learn automation at the academy Choucair [Brandon open up [Brandon opens the Choucair academy page]]
[Test worker] WARN net.thucydides.core.steps.BaseStepListener - stepFinished: current outcome:Search for a automation course:Given than brandon wants to learn automation at the academy Choucair [Brandon open up [Brandon opens the Choucair academy page]]
[Test worker] WARN net.thucydides.core.steps.BaseStepListener - stepStarted: net.thucydides.core.steps.ExecutedStepDescription@428b8818
[Test worker] WARN net.thucydides.core.steps.BaseStepListener - stepStarted: net.thucydides.core.steps.ExecutedStepDescription@26660771
[Test worker] WARN net.thucydides.core.steps.BaseStepListener - stepFinished: current outcome:Search for a automation course:Given than brandon wants to learn automation at the academy Choucair [Brandon open up [Brandon opens the Choucair academy page], Brandon login [Brandon clicks on Abre el modal de inicio de sesion]]
[Test worker] WARN net.thucydides.core.steps.BaseStepListener - stepStarted: net.thucydides.core.steps.ExecutedStepDescription@6781cd2a
[Test worker] WARN net.thucydides.core.steps.BaseStepListener - stepFinished: current outcome:Search for a automation course:Given than brandon wants to learn automation at the academy Choucair [Brandon open up [Brandon opens the Choucair academy page], Brandon login [Brandon clicks on Abre el modal de inicio de sesion, Brandon enters '1104873398' into Se escribe el usuario]]
[Test worker] WARN net.thucydides.core.steps.BaseStepListener - stepStarted: net.thucydides.core.steps.ExecutedStepDescription@62ea5488
[Test worker] WARN net.thucydides.core.steps.BaseStepListener - stepFinished: current outcome:Search for a automation course:Given than brandon wants to learn automation at the academy Choucair [Brandon open up [Brandon opens the Choucair academy page], Brandon login [Brandon clicks on Abre el modal de inicio de sesion, Brandon enters '1104873398' into Se escribe el usuario, Brandon enters 'Choucair2021*' into Se escribe la contraseÃ±a]]
[Test worker] WARN net.thucydides.core.steps.BaseStepListener - stepStarted: net.thucydides.core.steps.ExecutedStepDescription@fba2b48
[Test worker] WARN net.thucydides.core.steps.BaseStepListener - stepFinished: current outcome:Search for a automation course:Given than brandon wants to learn automation at the academy Choucair [Brandon open up [Brandon opens the Choucair academy page], Brandon login [Brandon clicks on Abre el modal de inicio de sesion, Brandon enters '1104873398' into Se escribe el usuario, Brandon enters 'Choucair2021*' into Se escribe la contraseÃ±a, Brandon clicks on Boton para confirmar login]]
[Test worker] WARN net.thucydides.core.steps.BaseStepListener - stepFinished: current outcome:Search for a automation course:Given than brandon wants to learn automation at the academy Choucair [Brandon open up [Brandon opens the Choucair academy page], Brandon login [Brandon clicks on Abre el modal de inicio de sesion, Brandon enters '1104873398' into Se escribe el usuario, Brandon enters 'Choucair2021*' into Se escribe la contraseÃ±a, Brandon clicks on Boton para confirmar login]]
[Test worker] WARN net.thucydides.core.steps.BaseStepListener - stepFinished: current outcome:Search for a automation course:Given than brandon wants to learn automation at the academy Choucair [Brandon open up [Brandon opens the Choucair academy page], Brandon login [Brandon clicks on Abre el modal de inicio de sesion, Brandon enters '1104873398' into Se escribe el usuario, Brandon enters 'Choucair2021*' into Se escribe la contraseÃ±a, Brandon clicks on Boton para confirmar login]]
[Test worker] WARN net.thucydides.core.steps.BaseStepListener - stepStarted: net.thucydides.core.steps.ExecutedStepDescription@4e5bf0ed
[Test worker] WARN net.thucydides.core.steps.BaseStepListener - stepStarted: net.thucydides.core.steps.ExecutedStepDescription@44efa555
[Test worker] WARN net.thucydides.core.steps.BaseStepListener - stepStarted: net.thucydides.core.steps.ExecutedStepDescription@28a3be25
[Test worker] WARN net.thucydides.core.steps.BaseStepListener - stepFinished: current outcome:Search for a automation course:Given than brandon wants to learn automation at the academy Choucair [Brandon open up [Brandon opens the Choucair academy page], Brandon login [Brandon clicks on Abre el modal de inicio de sesion, Brandon enters '1104873398' into Se escribe el usuario, Brandon enters 'Choucair2021*' into Se escribe la contraseÃ±a, Brandon clicks on Boton para confirmar login]], When he search for the course Foundation Level on the choucair academy plataform [Brandon search [Brandon clicks on selecciona cursos y certificaciones]]
[Test worker] WARN net.thucydides.core.steps.BaseStepListener - stepStarted: net.thucydides.core.steps.ExecutedStepDescription@6ed1b73a
[Test worker] WARN net.thucydides.core.steps.BaseStepListener - stepFinished: current outcome:Search for a automation course:Given than brandon wants to learn automation at the academy Choucair [Brandon open up [Brandon opens the Choucair academy page], Brandon login [Brandon clicks on Abre el modal de inicio de sesion, Brandon enters '1104873398' into Se escribe el usuario, Brandon enters 'Choucair2021*' into Se escribe la contraseÃ±a, Brandon clicks on Boton para confirmar login]], When he search for the course Foundation Level on the choucair academy plataform [Brandon search [Brandon clicks on selecciona cursos y certificaciones, Brandon enters 'Foundation Level' into buscar el curso]]
[Test worker] WARN net.thucydides.core.steps.BaseStepListener - stepStarted: net.thucydides.core.steps.ExecutedStepDescription@76533dac
[Test worker] WARN net.thucydides.core.steps.BaseStepListener - stepFinished: current outcome:Search for a automation course:Given than brandon wants to learn automation at the academy Choucair [Brandon open up [Brandon opens the Choucair academy page], Brandon login [Brandon clicks on Abre el modal de inicio de sesion, Brandon enters '1104873398' into Se escribe el usuario, Brandon enters 'Choucair2021*' into Se escribe la contraseÃ±a, Brandon clicks on Boton para confirmar login]], When he search for the course Foundation Level on the choucair academy plataform [Brandon search [Brandon clicks on selecciona cursos y certificaciones, Brandon enters 'Foundation Level' into buscar el curso, Brandon clicks on click para buscar el curso]]
[Test worker] WARN net.thucydides.core.steps.BaseStepListener - stepStarted: net.thucydides.core.steps.ExecutedStepDescription@60b2f750
[Test worker] WARN net.thucydides.core.steps.BaseStepListener - stepFinished: current outcome:Search for a automation course:Given than brandon wants to learn automation at the academy Choucair [Brandon open up [Brandon opens the Choucair academy page], Brandon login [Brandon clicks on Abre el modal de inicio de sesion, Brandon enters '1104873398' into Se escribe el usuario, Brandon enters 'Choucair2021*' into Se escribe la contraseÃ±a, Brandon clicks on Boton para confirmar login]], When he search for the course Foundation Level on the choucair academy plataform [Brandon search [Brandon clicks on selecciona cursos y certificaciones, Brandon enters 'Foundation Level' into buscar el curso, Brandon clicks on click para buscar el curso, Brandon clicks on click para buscar el curso]]
[Test worker] WARN net.thucydides.core.steps.BaseStepListener - stepFinished: current outcome:Search for a automation course:Given than brandon wants to learn automation at the academy Choucair [Brandon open up [Brandon opens the Choucair academy page], Brandon login [Brandon clicks on Abre el modal de inicio de sesion, Brandon enters '1104873398' into Se escribe el usuario, Brandon enters 'Choucair2021*' into Se escribe la contraseÃ±a, Brandon clicks on Boton para confirmar login]], When he search for the course Foundation Level on the choucair academy plataform [Brandon search [Brandon clicks on selecciona cursos y certificaciones, Brandon enters 'Foundation Level' into buscar el curso, Brandon clicks on click para buscar el curso, Brandon clicks on click para buscar el curso]]
[Test worker] WARN net.thucydides.core.steps.BaseStepListener - stepFinished: current outcome:Search for a automation course:Given than brandon wants to learn automation at the academy Choucair [Brandon open up [Brandon opens the Choucair academy page], Brandon login [Brandon clicks on Abre el modal de inicio de sesion, Brandon enters '1104873398' into Se escribe el usuario, Brandon enters 'Choucair2021*' into Se escribe la contraseÃ±a, Brandon clicks on Boton para confirmar login]], When he search for the course Foundation Level on the choucair academy plataform [Brandon search [Brandon clicks on selecciona cursos y certificaciones, Brandon enters 'Foundation Level' into buscar el curso, Brandon clicks on click para buscar el curso, Brandon clicks on click para buscar el curso]]
[Test worker] WARN net.thucydides.core.steps.BaseStepListener - stepStarted: net.thucydides.core.steps.ExecutedStepDescription@642f3f59
[Test worker] WARN net.thucydides.core.steps.BaseStepListener - stepStarted: net.thucydides.core.steps.ExecutedStepDescription@8b1aff8
[Test worker] WARN net.thucydides.core.steps.BaseStepListener - stepFinished: current outcome:Search for a automation course:Given than brandon wants to learn automation at the academy Choucair [Brandon open up [Brandon opens the Choucair academy page], Brandon login [Brandon clicks on Abre el modal de inicio de sesion, Brandon enters '1104873398' into Se escribe el usuario, Brandon enters 'Choucair2021*' into Se escribe la contraseÃ±a, Brandon clicks on Boton para confirmar login]], When he search for the course Foundation Level on the choucair academy plataform [Brandon search [Brandon clicks on selecciona cursos y certificaciones, Brandon enters 'Foundation Level' into buscar el curso, Brandon clicks on click para buscar el curso, Brandon clicks on click para buscar el curso]], Then he finds the course called resources Foundation Level [Then answer]
[Test worker] WARN net.thucydides.core.steps.BaseStepListener - stepFinished: current outcome:Search for a automation course:Given than brandon wants to learn automation at the academy Choucair [Brandon open up [Brandon opens the Choucair academy page], Brandon login [Brandon clicks on Abre el modal de inicio de sesion, Brandon enters '1104873398' into Se escribe el usuario, Brandon enters 'Choucair2021*' into Se escribe la contraseÃ±a, Brandon clicks on Boton para confirmar login]], When he search for the course Foundation Level on the choucair academy plataform [Brandon search [Brandon clicks on selecciona cursos y certificaciones, Brandon enters 'Foundation Level' into buscar el curso, Brandon clicks on click para buscar el curso, Brandon clicks on click para buscar el curso]], Then he finds the course called resources Foundation Level [Then answer]
[Test worker] WARN net.thucydides.core.steps.BaseStepListener - testFinished: Search for a automation course:Given than brandon wants to learn automation at the academy Choucair [Brandon open up [Brandon opens the Choucair academy page], Brandon login [Brandon clicks on Abre el modal de inicio de sesion, Brandon enters '1104873398' into Se escribe el usuario, Brandon enters 'Choucair2021*' into Se escribe la contraseÃ±a, Brandon clicks on Boton para confirmar login]], When he search for the course Foundation Level on the choucair academy plataform [Brandon search [Brandon clicks on selecciona cursos y certificaciones, Brandon enters 'Foundation Level' into buscar el curso, Brandon clicks on click para buscar el curso, Brandon clicks on click para buscar el curso]], Then he finds the course called resources Foundation Level [Then answer]
[Test worker] WARN net.thucydides.core.steps.BaseStepListener - TestOutcomes: [Search for a automation course:Given than brandon wants to learn automation at the academy Choucair [Brandon open up [Brandon opens the Choucair academy page], Brandon login [Brandon clicks on Abre el modal de inicio de sesion, Brandon enters '1104873398' into Se escribe el usuario, Brandon enters 'Choucair2021*' into Se escribe la contraseÃ±a, Brandon clicks on Boton para confirmar login]], When he search for the course Foundation Level on the choucair academy plataform [Brandon search [Brandon clicks on selecciona cursos y certificaciones, Brandon enters 'Foundation Level' into buscar el curso, Brandon clicks on click para buscar el curso, Brandon clicks on click para buscar el curso]], Then he finds the course called resources Foundation Level [Then answer]]
[Test worker] WARN net.thucydides.core.steps.BaseStepListener - Final testOutcomes: [Search for a automation course:Given than brandon wants to learn automation at the academy Choucair [Brandon open up [Brandon opens the Choucair academy page], Brandon login [Brandon clicks on Abre el modal de inicio de sesion, Brandon enters '1104873398' into Se escribe el usuario, Brandon enters 'Choucair2021*' into Se escribe la contraseÃ±a, Brandon clicks on Boton para confirmar login]], When he search for the course Foundation Level on the choucair academy plataform [Brandon search [Brandon clicks on selecciona cursos y certificaciones, Brandon enters 'Foundation Level' into buscar el curso, Brandon clicks on click para buscar el curso, Brandon clicks on click para buscar el curso]], Then he finds the course called resources Foundation Level [Then answer]]
[Test worker] INFO net.thucydides.core.steps.ConsoleLoggingListener - 
        __    _____ _____ ____ _____   ____   _    ____  ____  _____ ____  
  _     \ \  |_   _| ____/ ___|_   _| |  _ \ / \  / ___|/ ___|| ____|  _ \ 
 (_)_____| |   | | |  _| \___ \ | |   | |_) / _ \ \___ \\___ \|  _| | | | |
  _|_____| |   | | | |___ ___) || |   |  __/ ___ \ ___) |___) | |___| |_| |
 (_)     | |   |_| |_____|____/ |_|   |_| /_/   \_\____/|____/|_____|____/ 
        /_/                                                                

TEST PASSED: Search for a automation course
----------------------------------------------------------------------------
]]></system-err>
</testsuite>
